<?xml version="1.0" encoding="UTF-8"?>
<testsuite xmlns:xsi="http://www.w3.org/2001/XMLSchema-instance" xsi:noNamespaceSchemaLocation="https://maven.apache.org/surefire/maven-surefire-plugin/xsd/surefire-test-report-3.0.xsd" version="3.0" name="com.bookshelf.finder.FinderApplicationTests" time="36.547" tests="1" errors="0" skipped="0" failures="0">
  <properties>
[...]
</properties>
  <testcase name="contextLoads" classname="com.bookshelf.finder.FinderApplicationTests" time="2.699">
    <system-out><![CDATA[2023-09-12 17:39:37.775 &amp#27;[32m INFO&amp#27;[m &amp#27;[35m1712&amp#27;[m --- [           main] &amp#27;[36mt.c.s.AnnotationConfigContextLoaderUtils&amp#27;[m : Could not detect default configuration classes for test class [com.bookshelf.finder.FinderApplicationTests]: FinderApplicationTests does not declare any static, non-private, non-final, nested classes annotated with @Configuration.
2023-09-12 17:39:38.268 &amp#27;[32m INFO&amp#27;[m &amp#27;[35m1712&amp#27;[m --- [           main] &amp#27;[36m.b.t.c.SpringBootTestContextBootstrapper&amp#27;[m : Found @SpringBootConfiguration com.bookshelf.finder.FinderApplication for test class com.bookshelf.finder.FinderApplicationTests

  .   ____          _            __ _ _
 /\\ / ___'_ __ _ _(_)_ __  __ _ \ \ \ \
( ( )\___ | '_ | '_| | '_ \/ _` | \ \ \ \
 \\/  ___)| |_)| | | | | || (_| |  ) ) ) )
  '  |____| .__|_| |_|_| |_\__, | / / / /
 =========|_|==============|___/=/_/_/_/
 :: Spring Boot ::                (v3.1.3)

2023-09-12 17:39:40.175 &amp#27;[32m INFO&amp#27;[m &amp#27;[35m1712&amp#27;[m --- [           main] &amp#27;[36mc.b.f.FinderApplicationTests            &amp#27;[m : Starting FinderApplicationTests using Java 17.0.7 with PID 1712 (started by Indumathi in C:\Users\Indumathi\Downloads\finder\finder)
2023-09-12 17:39:40.192 &amp#27;[32m INFO&amp#27;[m &amp#27;[35m1712&amp#27;[m --- [           main] &amp#27;[36mc.b.f.FinderApplicationTests            &amp#27;[m : No active profile set, falling back to 1 default profile: "default"
2023-09-12 17:39:49.823 &amp#27;[32m INFO&amp#27;[m &amp#27;[35m1712&amp#27;[m --- [           main] &amp#27;[36m.s.d.r.c.RepositoryConfigurationDelegate&amp#27;[m : Multiple Spring Data modules found, entering strict repository configuration mode
2023-09-12 17:39:49.828 &amp#27;[32m INFO&amp#27;[m &amp#27;[35m1712&amp#27;[m --- [           main] &amp#27;[36m.s.d.r.c.RepositoryConfigurationDelegate&amp#27;[m : Bootstrapping Spring Data JPA repositories in DEFAULT mode.
2023-09-12 17:39:49.951 &amp#27;[32m INFO&amp#27;[m &amp#27;[35m1712&amp#27;[m --- [           main] &amp#27;[36m.RepositoryConfigurationExtensionSupport&amp#27;[m : Spring Data JPA - Could not safely identify store assignment for repository candidate interface com.bookshelf.finder.repository.BookRepository; If you want this repository to be a JPA repository, consider annotating your entities with one of these annotations: jakarta.persistence.Entity, jakarta.persistence.MappedSuperclass (preferred), or consider extending one of the following types with your repository: org.springframework.data.jpa.repository.JpaRepository
2023-09-12 17:39:50.351 &amp#27;[32m INFO&amp#27;[m &amp#27;[35m1712&amp#27;[m --- [           main] &amp#27;[36m.s.d.r.c.RepositoryConfigurationDelegate&amp#27;[m : Finished Spring Data repository scanning in 498 ms. Found 1 JPA repository interfaces.
2023-09-12 17:39:50.409 &amp#27;[32m INFO&amp#27;[m &amp#27;[35m1712&amp#27;[m --- [           main] &amp#27;[36m.s.d.r.c.RepositoryConfigurationDelegate&amp#27;[m : Multiple Spring Data modules found, entering strict repository configuration mode
2023-09-12 17:39:50.411 &amp#27;[32m INFO&amp#27;[m &amp#27;[35m1712&amp#27;[m --- [           main] &amp#27;[36m.s.d.r.c.RepositoryConfigurationDelegate&amp#27;[m : Bootstrapping Spring Data MongoDB repositories in DEFAULT mode.
2023-09-12 17:39:50.429 &amp#27;[32m INFO&amp#27;[m &amp#27;[35m1712&amp#27;[m --- [           main] &amp#27;[36m.RepositoryConfigurationExtensionSupport&amp#27;[m : Spring Data MongoDB - Could not safely identify store assignment for repository candidate interface com.bookshelf.finder.repository.UserRepository; If you want this repository to be a MongoDB repository, consider annotating your entities with one of these annotations: org.springframework.data.mongodb.core.mapping.Document (preferred), or consider extending one of the following types with your repository: org.springframework.data.mongodb.repository.MongoRepository
2023-09-12 17:39:50.447 &amp#27;[32m INFO&amp#27;[m &amp#27;[35m1712&amp#27;[m --- [           main] &amp#27;[36m.s.d.r.c.RepositoryConfigurationDelegate&amp#27;[m : Finished Spring Data repository scanning in 35 ms. Found 1 MongoDB repository interfaces.
2023-09-12 17:39:50.508 &amp#27;[32m INFO&amp#27;[m &amp#27;[35m1712&amp#27;[m --- [           main] &amp#27;[36m.s.d.r.c.RepositoryConfigurationDelegate&amp#27;[m : Multiple Spring Data modules found, entering strict repository configuration mode
2023-09-12 17:39:50.514 &amp#27;[32m INFO&amp#27;[m &amp#27;[35m1712&amp#27;[m --- [           main] &amp#27;[36m.s.d.r.c.RepositoryConfigurationDelegate&amp#27;[m : Bootstrapping Spring Data Redis repositories in DEFAULT mode.
2023-09-12 17:39:50.606 &amp#27;[32m INFO&amp#27;[m &amp#27;[35m1712&amp#27;[m --- [           main] &amp#27;[36m.RepositoryConfigurationExtensionSupport&amp#27;[m : Spring Data Redis - Could not safely identify store assignment for repository candidate interface com.bookshelf.finder.repository.BookRepository; If you want this repository to be a Redis repository, consider annotating your entities with one of these annotations: org.springframework.data.redis.core.RedisHash (preferred), or consider extending one of the following types with your repository: org.springframework.data.keyvalue.repository.KeyValueRepository
2023-09-12 17:39:50.610 &amp#27;[32m INFO&amp#27;[m &amp#27;[35m1712&amp#27;[m --- [           main] &amp#27;[36m.RepositoryConfigurationExtensionSupport&amp#27;[m : Spring Data Redis - Could not safely identify store assignment for repository candidate interface com.bookshelf.finder.repository.UserRepository; If you want this repository to be a Redis repository, consider annotating your entities with one of these annotations: org.springframework.data.redis.core.RedisHash (preferred), or consider extending one of the following types with your repository: org.springframework.data.keyvalue.repository.KeyValueRepository
2023-09-12 17:39:50.611 &amp#27;[32m INFO&amp#27;[m &amp#27;[35m1712&amp#27;[m --- [           main] &amp#27;[36m.s.d.r.c.RepositoryConfigurationDelegate&amp#27;[m : Finished Spring Data repository scanning in 18 ms. Found 0 Redis repository interfaces.
2023-09-12 17:39:52.561 &amp#27;[32m INFO&amp#27;[m &amp#27;[35m1712&amp#27;[m --- [           main] &amp#27;[36mo.h.j.i.u.LogHelper                     &amp#27;[m : HHH000204: Processing PersistenceUnitInfo [name: default]
2023-09-12 17:39:52.962 &amp#27;[32m INFO&amp#27;[m &amp#27;[35m1712&amp#27;[m --- [           main] &amp#27;[36mo.h.Version                             &amp#27;[m : HHH000412: Hibernate ORM core version 6.2.7.Final
2023-09-12 17:39:52.970 &amp#27;[32m INFO&amp#27;[m &amp#27;[35m1712&amp#27;[m --- [           main] &amp#27;[36mo.h.c.Environment                       &amp#27;[m : HHH000406: Using bytecode reflection optimizer
2023-09-12 17:39:53.635 &amp#27;[32m INFO&amp#27;[m &amp#27;[35m1712&amp#27;[m --- [           main] &amp#27;[36mo.h.b.i.BytecodeProviderInitiator       &amp#27;[m : HHH000021: Bytecode provider name : bytebuddy
2023-09-12 17:39:54.354 &amp#27;[32m INFO&amp#27;[m &amp#27;[35m1712&amp#27;[m --- [           main] &amp#27;[36mo.s.o.j.p.SpringPersistenceUnitInfo     &amp#27;[m : No LoadTimeWeaver setup: ignoring JPA class transformer
2023-09-12 17:39:58.270 &amp#27;[32m INFO&amp#27;[m &amp#27;[35m1712&amp#27;[m --- [           main] &amp#27;[36mo.h.b.i.BytecodeProviderInitiator       &amp#27;[m : HHH000021: Bytecode provider name : bytebuddy
2023-09-12 17:39:59.813 &amp#27;[32m INFO&amp#27;[m &amp#27;[35m1712&amp#27;[m --- [           main] &amp#27;[36mo.h.e.t.j.p.i.JtaPlatformInitiator      &amp#27;[m : HHH000490: Using JtaPlatform implementation: [org.hibernate.engine.transaction.jta.platform.internal.NoJtaPlatform]
2023-09-12 17:39:59.946 &amp#27;[32m INFO&amp#27;[m &amp#27;[35m1712&amp#27;[m --- [           main] &amp#27;[36mj.LocalContainerEntityManagerFactoryBean&amp#27;[m : Initialized JPA EntityManagerFactory for persistence unit 'default'
2023-09-12 17:40:06.101 &amp#27;[33m WARN&amp#27;[m &amp#27;[35m1712&amp#27;[m --- [           main] &amp#27;[36mJpaBaseConfiguration$JpaWebConfiguration&amp#27;[m : spring.jpa.open-in-view is enabled by default. Therefore, database queries may be performed during view rendering. Explicitly configure spring.jpa.open-in-view to disable this warning
2023-09-12 17:40:08.579 &amp#27;[32m INFO&amp#27;[m &amp#27;[35m1712&amp#27;[m --- [           main] &amp#27;[36mo.s.b.a.e.w.EndpointLinksResolver       &amp#27;[m : Exposing 2 endpoint(s) beneath base path '/actuator'
2023-09-12 17:40:08.871 &amp#27;[32m INFO&amp#27;[m &amp#27;[35m1712&amp#27;[m --- [           main] &amp#27;[36mc.b.f.FinderApplicationTests            &amp#27;[m : Started FinderApplicationTests in 29.845 seconds (process running for 37.248)
]]></system-out>
    <system-err><![CDATA[SLF4J: No SLF4J providers were found.
SLF4J: Defaulting to no-operation (NOP) logger implementation
SLF4J: See https://www.slf4j.org/codes.html#noProviders for further details.
]]></system-err>
  </testcase>
</testsuite>